<?xml version="1.0" encoding="UTF-8"?>
<!-- Generated by org.testng.reporters.JUnitReportReporter -->
<testsuite skipped="0" hostname="W01772" name="FirstTest" tests="1" failures="0" timestamp="04 May 2018 00:12:06 GMT" time="0.004" errors="0">
  <testcase name="ValidateItWorks" time="0.004" classname="FirstTest"/>
</testsuite> <!-- FirstTest -->
